nohup: ignoring input
# of nodes in cora is:  2708
Getting Normalized Adj...
Done!
PPR matrix exists. Loading from file...
dict_keys(['dataset', 'edge_index', 'num_nodes', 'train_pos', 'train_pos_val', 'valid_pos', 'valid_neg', 'test_pos', 'test_neg', 'x', 'adj_t', 'full_adj_t', 'norm_adj', 'adj_mask', 'full_adj_mask', 'degree', 'ppr', 'ppr_test'])
2025-03-15 14:55:21: 

Training arguments:
gcn_cache: False
gnn_layers: 1
trans_layers: 1
dim: 128
num_heads: 1
lr: 0.005
weight_decay: 0.0
decay: 0.975
dropout: 0.1
gnn_drop: 0.1
pred_dropout: 0.1
att_drop: 0.1
feat_drop: 0.1
residual: False
layer_norm: True
relu: True
mask_input: False
thresh_1hop: 0.01
thresh_cn: 0.01
thresh_non1hop: 0.01
mat_prop: 1
alpha: 0.8
branch: APPNP

Training over 10 seeds:   0%|          | 0/10 [00:00<?, ?it/s]>>> Epoch 1 - 14:55:21

Epoch:   0%|          | 0/5 [00:00<?, ?it/s][A
Epoch:  20%|██        | 1/5 [00:13<00:52, 13.08s/it][A
Epoch:  40%|████      | 2/5 [00:25<00:38, 12.71s/it][A
Epoch:  60%|██████    | 3/5 [00:37<00:25, 12.56s/it][A
Epoch:  80%|████████  | 4/5 [00:50<00:12, 12.47s/it][A
Epoch: 100%|██████████| 5/5 [00:55<00:00,  9.85s/it][AEpoch: 100%|██████████| 5/5 [00:55<00:00, 11.09s/it]
2025-03-15 14:56:28: Epoch 1 Results:    
2025-03-15 14:56:28:   MRR = (0.8119727373123169, 0.35324907302856445, 0.27121925354003906)
>>> Epoch 2 - 14:56:28

Epoch:   0%|          | 0/5 [00:00<?, ?it/s][A
Epoch:  20%|██        | 1/5 [00:12<00:49, 12.48s/it][A
Epoch:  40%|████      | 2/5 [00:24<00:37, 12.36s/it][A
Epoch:  60%|██████    | 3/5 [00:37<00:24, 12.42s/it][A
Epoch:  80%|████████  | 4/5 [00:49<00:12, 12.41s/it][A
Epoch: 100%|██████████| 5/5 [00:55<00:00,  9.87s/it][AEpoch: 100%|██████████| 5/5 [00:55<00:00, 11.00s/it]
2025-03-15 14:57:35: Epoch 2 Results:    
2025-03-15 14:57:35:   MRR = (0.6717169880867004, 0.2959871292114258, 0.24732273817062378)
>>> Epoch 3 - 14:57:35

Epoch:   0%|          | 0/5 [00:00<?, ?it/s][A
Epoch:  20%|██        | 1/5 [00:12<00:49, 12.38s/it][A